[2026年 04月 09日 星期四 18:40:01 CST] 没有需要同步的改动
[2026年 04月 09日 星期四 18:50:02 CST] 没有需要同步的改动
[2026年 04月 10日 星期五 09:20:01 CST] 没有需要同步的改动
[2026年 04月 10日 星期五 09:30:01 CST] 没有需要同步的改动
[2026年 04月 10日 星期五 09:40:01 CST] 没有需要同步的改动
[2026年 04月 10日 星期五 09:50:02 CST] 没有需要同步的改动
[2026年 04月 10日 星期五 10:00:01 CST] 没有需要同步的改动
[2026年 04月 10日 星期五 10:10:01 CST] 没有需要同步的改动
[2026年 04月 10日 星期五 10:20:01 CST] 没有需要同步的改动
[2026年 04月 10日 星期五 10:30:01 CST] 没有需要同步的改动
[2026年 04月 10日 星期五 10:40:01 CST] 没有需要同步的改动
[2026年 04月 10日 星期五 10:50:02 CST] 没有需要同步的改动
[main 1ae8792] 自动同步: logs/sync.log,sync-to-github.sh,"\344\275\277\347\224\250\346\211\213\345\206\214/OMNeT++\345\274\200\345\217\221\345\244\207\345\277\230\345\275\225.md","\344\275\277\347\224\250\346\211\213\345\206\214/omnet++\344\270\255\346\226\207\344\275\277\347\224\250\346\211\213\345\206\214.docx","\344\275\277\347\224\250\346\211\213\345\206\214/omnet++\344\270\255\346\226\207\344\275\277\347\224\250\346\211\213\345\206\214.md",
 5 files changed, 62 insertions(+)
 create mode 100644 logs/sync.log
 create mode 100755 sync-to-github.sh
 rename "OMNeT++\345\274\200\345\217\221\345\244\207\345\277\230\345\275\225.md" => "\344\275\277\347\224\250\346\211\213\345\206\214/OMNeT++\345\274\200\345\217\221\345\244\207\345\277\230\345\275\225.md" (100%)
 rename "omnet++\344\270\255\346\226\207\344\275\277\347\224\250\346\211\213\345\206\214.docx" => "\344\275\277\347\224\250\346\211\213\345\206\214/omnet++\344\270\255\346\226\207\344\275\277\347\224\250\346\211\213\345\206\214.docx" (100%)
 rename "omnet++\344\270\255\346\226\207\344\275\277\347\224\250\346\211\213\345\206\214.md" => "\344\275\277\347\224\250\346\211\213\345\206\214/omnet++\344\270\255\346\226\207\344\275\277\347\224\250\346\211\213\345\206\214.md" (100%)
To https://github.com/laffey-benson/omnet-project.git
   26b7e91..1ae8792  main -> main
[2026年 04月 10日 星期五 11:00:05 CST] 成功推送到 GitHub (5 个文件)
[main fd0d2d5] 自动同步更新 2026-04-10 11:10
 8 files changed, 1328 insertions(+)
 create mode 100644 smartnet/Makefile
 create mode 100644 "smartnet/SmartNet\347\263\273\347\273\237\350\257\264\346\230\216.md"
 create mode 100644 smartnet/src/SmartNet.ned
 create mode 100644 smartnet/src/SmartNode.cc
 create mode 100644 smartnet/src/SmartNode.ned
 create mode 100644 smartnet/src/messages.msg
 create mode 100644 smartnet/src/package.ned
To https://github.com/laffey-benson/omnet-project.git
   1ae8792..fd0d2d5  main -> main
[2026年 04月 10日 星期五 11:10:05 CST] 成功推送到 GitHub (8 个文件)
[main dad347e] 自动同步更新 2026-04-10 11:20
 8 files changed, 12 insertions(+), 1318 deletions(-)
 delete mode 100644 smartnet/Makefile
 delete mode 100644 "smartnet/SmartNet\347\263\273\347\273\237\350\257\264\346\230\216.md"
 delete mode 100644 smartnet/src/SmartNet.ned
 delete mode 100644 smartnet/src/SmartNode.cc
 delete mode 100644 smartnet/src/SmartNode.ned
 delete mode 100644 smartnet/src/messages.msg
 delete mode 100644 smartnet/src/package.ned
To https://github.com/laffey-benson/omnet-project.git
   fd0d2d5..dad347e  main -> main
[2026年 04月 10日 星期五 11:20:04 CST] 成功推送到 GitHub (8 个文件)
[main d73f4b9] 自动同步: logs/sync.log,
 1 file changed, 12 insertions(+)
To https://github.com/laffey-benson/omnet-project.git
   dad347e..d73f4b9  main -> main
[2026年 04月 10日 星期五 12:10:04 CST] 成功推送到 GitHub (1 个文件)
[main 835afb5] 自动同步更新 2026-04-10 12:20
 13 files changed, 4097 insertions(+)
 create mode 100755 multinodenet-enhanced/EnhancedNet
 create mode 100644 "multinodenet-enhanced/EnhancedNet\347\263\273\347\273\237\350\257\264\346\230\216.md"
 create mode 100644 multinodenet-enhanced/Makefile
 create mode 100755 multinodenet-enhanced/run.sh
 create mode 100755 multinodenet-enhanced/run_cmdenv.sh
 create mode 100644 multinodenet-enhanced/src/EnhancedNet.ned
 create mode 100644 multinodenet-enhanced/src/Node.ned
 create mode 100644 multinodenet-enhanced/src/NodeApp.cc
 create mode 100644 multinodenet-enhanced/src/messages.msg
 create mode 100644 multinodenet-enhanced/src/messages_m.cc
 create mode 100644 multinodenet-enhanced/src/messages_m.h
 create mode 100644 multinodenet-enhanced/src/package.ned
To https://github.com/laffey-benson/omnet-project.git
   d73f4b9..835afb5  main -> main
[2026年 04月 10日 星期五 12:20:04 CST] 成功推送到 GitHub (13 个文件)
[main 00fb1c1] 自动同步: logs/sync.log,multinodenet-enhanced/.qtenvrc,
 2 files changed, 20 insertions(+)
 create mode 100644 multinodenet-enhanced/.qtenvrc
To https://github.com/laffey-benson/omnet-project.git
   835afb5..00fb1c1  main -> main
[2026年 04月 10日 星期五 14:10:05 CST] 成功推送到 GitHub (2 个文件)
[main b72dd0a] 自动同步: logs/sync.log,"multinodenet-enhanced/EnhancedNet\347\263\273\347\273\237\350\257\264\346\230\216.md",
 2 files changed, 445 insertions(+), 258 deletions(-)
To https://github.com/laffey-benson/omnet-project.git
   00fb1c1..b72dd0a  main -> main
[2026年 04月 10日 星期五 14:20:05 CST] 成功推送到 GitHub (2 个文件)
[main 4ff9499] 自动同步: logs/sync.log,
 1 file changed, 5 insertions(+)
To https://github.com/laffey-benson/omnet-project.git
   b72dd0a..4ff9499  main -> main
[2026年 04月 10日 星期五 14:30:04 CST] 成功推送到 GitHub (1 个文件)
[main e760090] 自动同步: logs/sync.log,multinodenet-enhanced/EnhancedNet,multinodenet-enhanced/src/EnhancedNet.ned,multinodenet-enhanced/src/Node.ned,multinodenet-enhanced/src/NodeApp.cc,
 5 files changed, 17 insertions(+), 15 deletions(-)
To https://github.com/laffey-benson/omnet-project.git
   4ff9499..e760090  main -> main
[2026年 04月 10日 星期五 14:40:04 CST] 成功推送到 GitHub (5 个文件)
[main bd10e27] 自动同步: logs/sync.log,multinodenet-enhanced/EnhancedNet,"multinodenet-enhanced/EnhancedNet\347\263\273\347\273\237\350\257\264\346\230\216.md",multinodenet-enhanced/src/Node.ned,multinodenet-enhanced/src/NodeApp.cc,
 5 files changed, 28 insertions(+), 7 deletions(-)
To https://github.com/laffey-benson/omnet-project.git
   e760090..bd10e27  main -> main
[2026年 04月 10日 星期五 14:50:04 CST] 成功推送到 GitHub (5 个文件)
